[debug] [2021-04-10T04:10:45.722Z] ----------------------------------------------------------------------
[debug] [2021-04-10T04:10:45.724Z] Command:       C:\Program Files\nodejs\node.exe C:\Users\Nandan\AppData\Roaming\npm\node_modules\firebase-tools\lib\bin\firebase.js init
[debug] [2021-04-10T04:10:45.725Z] CLI Version:   9.9.0
[debug] [2021-04-10T04:10:45.725Z] Platform:      win32
[debug] [2021-04-10T04:10:45.725Z] Node Version:  v14.15.0
[debug] [2021-04-10T04:10:45.726Z] Time:          Sat Apr 10 2021 09:40:45 GMT+0530 (India Standard Time)
[debug] [2021-04-10T04:10:45.726Z] ----------------------------------------------------------------------
[debug] 
[debug] [2021-04-10T04:10:45.732Z] > command requires scopes: ["email","openid","https://www.googleapis.com/auth/cloudplatformprojects.readonly","https://www.googleapis.com/auth/firebase","https://www.googleapis.com/auth/cloud-platform"]
[debug] [2021-04-10T04:10:45.732Z] > authorizing via signed-in user (nandankpandey@gmail.com)
[info] 
     ######## #### ########  ######## ########     ###     ######  ########
     ##        ##  ##     ## ##       ##     ##  ##   ##  ##       ##
     ######    ##  ########  ######   ########  #########  ######  ######
     ##        ##  ##    ##  ##       ##     ## ##     ##       ## ##
     ##       #### ##     ## ######## ########  ##     ##  ######  ########

You're about to initialize a Firebase project in this directory:

  C:\Users\Nandan\Desktop\todo-firebase

[info] 
=== Project Setup
[info] 
[info] First, let's associate this project directory with a Firebase project.
[info] You can create multiple project aliases by running firebase use --add, 
[info] but for now we'll just set up a default project.
[info] 
[debug] [2021-04-10T04:32:36.311Z] > refreshing access token with scopes: []
[debug] [2021-04-10T04:32:36.312Z] >>> HTTP REQUEST POST https://www.googleapis.com/oauth2/v3/token  
 <request body omitted>
[debug] [2021-04-10T04:32:36.870Z] <<< HTTP RESPONSE 200 {"date":"Sat, 10 Apr 2021 04:32:36 GMT","pragma":"no-cache","cache-control":"no-cache, no-store, max-age=0, must-revalidate","expires":"Mon, 01 Jan 1990 00:00:00 GMT","content-type":"application/json; charset=utf-8","vary":"X-Origin, Referer, Origin,Accept-Encoding","server":"scaffolding on HTTPServer2","x-xss-protection":"0","x-frame-options":"SAMEORIGIN","x-content-type-options":"nosniff","alt-svc":"h3-29=\":443\"; ma=2592000,h3-T051=\":443\"; ma=2592000,h3-Q050=\":443\"; ma=2592000,h3-Q046=\":443\"; ma=2592000,h3-Q043=\":443\"; ma=2592000,quic=\":443\"; ma=2592000; v=\"46,43\"","accept-ranges":"none","transfer-encoding":"chunked"}
[debug] [2021-04-10T04:32:37.278Z] >>> [apiv2][query] GET https://firebase.googleapis.com/v1beta1/projects pageSize=100
[debug] [2021-04-10T04:32:38.356Z] <<< [apiv2][status] GET https://firebase.googleapis.com/v1beta1/projects 200
[debug] [2021-04-10T04:32:38.356Z] <<< [apiv2][body] GET https://firebase.googleapis.com/v1beta1/projects [omitted]
[info] i  Using project todo-7ee96 (todo) 
[info] 
=== Hosting Setup
[info] 
[info] Your public directory is the folder (relative to your project directory) that
[info] will contain Hosting assets to be uploaded with firebase deploy. If you
[info] have a build process for your assets, use your build's output directory.
[info] 
[debug] [2021-04-10T04:35:26.723Z] >>> [apiv2][query] GET https://www.gstatic.com/firebasejs/releases.json [none]
[debug] [2021-04-10T04:35:27.283Z] <<< [apiv2][status] GET https://www.gstatic.com/firebasejs/releases.json 200
[debug] [2021-04-10T04:35:27.283Z] <<< [apiv2][body] GET https://www.gstatic.com/firebasejs/releases.json {"current":{"version":"8.3.3","browserURL":"https://www.gstatic.com/firebasejs/8.3.3/firebase.js","packageURL":"https://www.gstatic.com/firebasejs/8.3.3/firebase.tgz"},"live":{"version":"8.3","browserURL":"https://www.gstatic.com/firebasejs/live/8.3/firebase.js","packageURL":"https://www.gstatic.com/firebasejs/live/8.3/firebase.tgz"},"components":{"analytics":"https://www.gstatic.com/firebasejs/8.3.3/firebase-analytics.js","app":"https://www.gstatic.com/firebasejs/8.3.3/firebase-app.js","auth":"https://www.gstatic.com/firebasejs/8.3.3/firebase-auth.js","database":"https://www.gstatic.com/firebasejs/8.3.3/firebase-database.js","firestore":"https://www.gstatic.com/firebasejs/8.3.3/firebase-firestore.js","functions":"https://www.gstatic.com/firebasejs/8.3.3/firebase-functions.js","installations":"https://www.gstatic.com/firebasejs/8.3.3/firebase-installations.js","messaging":"https://www.gstatic.com/firebasejs/8.3.3/firebase-messaging.js","storage":"https://www.gstatic.com/firebasejs/8.3.3/firebase-storage.js","performance":"https://www.gstatic.com/firebasejs/8.3.3/firebase-performance.js","remote-config":"https://www.gstatic.com/firebasejs/8.3.3/firebase-remote-config.js","firestore.memory":"https://www.gstatic.com/firebasejs/8.3.3/firebase-firestore.memory.js"}}
[info] +  Wrote build/index.html 
[info] 
[info] i  Detected a .git folder at C:\Users\Nandan\Desktop\todo-firebase 
[info] i  Authorizing with GitHub to upload your service account to a GitHub repository's secrets store. 
[info] 
[info] Visit this URL on this device to log in:
[info] https://github.com/login/oauth/authorize?client_id=89cf50f02ac6aaed3484&state=293163000&redirect_uri=http%3A%2F%2Flocalhost%3A9005&scope=read%3Auser%20repo%20public_repo
[info] 
[info] Waiting for authentication...
[debug] [2021-04-10T04:35:29.241Z] >>> HTTP REQUEST POST https://github.com/login/oauth/access_token  
 {"client_id":"89cf50f02ac6aaed3484","client_secret":"3330d14abc895d9a74d5f17cd7a00711fa2c5bf0","code":"fc336728383b4c603868","redirect_uri":"http://localhost:9005","state":"293163000"}
[debug] [2021-04-10T04:35:29.860Z] <<< HTTP RESPONSE 200 {"server":"GitHub.com","date":"Sat, 10 Apr 2021 04:35:28 GMT","content-type":"application/json; charset=utf-8","transfer-encoding":"chunked","vary":"X-PJAX, Accept-Encoding, Accept, X-Requested-With","etag":"W/\"746854cf44281865933717e664d1aca3\"","cache-control":"max-age=0, private, must-revalidate","strict-transport-security":"max-age=31536000; includeSubdomains; preload","x-frame-options":"deny","x-content-type-options":"nosniff","x-xss-protection":"0","referrer-policy":"origin-when-cross-origin, strict-origin-when-cross-origin","expect-ct":"max-age=2592000, report-uri=\"https://api.github.com/_private/browser/errors\"","content-security-policy":"default-src 'none'; base-uri 'self'; block-all-mixed-content; connect-src 'self' uploads.github.com www.githubstatus.com collector.githubapp.com api.github.com github-cloud.s3.amazonaws.com github-production-repository-file-5c1aeb.s3.amazonaws.com github-production-upload-manifest-file-7fdce7.s3.amazonaws.com github-production-user-asset-6210df.s3.amazonaws.com cdn.optimizely.com logx.optimizely.com/v1/events wss://alive.github.com; font-src github.githubassets.com; form-action 'self' github.com gist.github.com; frame-ancestors 'none'; frame-src render.githubusercontent.com; img-src 'self' data: github.githubassets.com identicons.github.com collector.githubapp.com github-cloud.s3.amazonaws.com secured-user-images.githubusercontent.com/ *.githubusercontent.com; manifest-src 'self'; media-src 'none'; script-src github.githubassets.com; style-src 'unsafe-inline' github.githubassets.com; worker-src github.com/socket-worker-3f088aa2.js gist.github.com/socket-worker-3f088aa2.js","x-github-request-id":"E82F:4FB8:25C6A3:3078FA:60712B10"}
[debug] [2021-04-10T04:35:29.865Z] >>> [apiv2][query] GET https://api.github.com/user [none]
[debug] [2021-04-10T04:35:30.502Z] <<< [apiv2][status] GET https://api.github.com/user 200
[debug] [2021-04-10T04:35:30.502Z] <<< [apiv2][body] GET https://api.github.com/user {"login":"nandanpandey43","id":38531527,"node_id":"MDQ6VXNlcjM4NTMxNTI3","avatar_url":"https://avatars.githubusercontent.com/u/38531527?v=4","gravatar_id":"","url":"https://api.github.com/users/nandanpandey43","html_url":"https://github.com/nandanpandey43","followers_url":"https://api.github.com/users/nandanpandey43/followers","following_url":"https://api.github.com/users/nandanpandey43/following{/other_user}","gists_url":"https://api.github.com/users/nandanpandey43/gists{/gist_id}","starred_url":"https://api.github.com/users/nandanpandey43/starred{/owner}{/repo}","subscriptions_url":"https://api.github.com/users/nandanpandey43/subscriptions","organizations_url":"https://api.github.com/users/nandanpandey43/orgs","repos_url":"https://api.github.com/users/nandanpandey43/repos","events_url":"https://api.github.com/users/nandanpandey43/events{/privacy}","received_events_url":"https://api.github.com/users/nandanpandey43/received_events","type":"User","site_admin":false,"name":"Nandan Kumar Pandey","company":null,"blog":"","location":null,"email":null,"hireable":true,"bio":null,"twitter_username":null,"public_repos":19,"public_gists":0,"followers":0,"following":2,"created_at":"2018-04-19T13:32:53Z","updated_at":"2021-04-03T10:23:34Z","private_gists":0,"total_private_repos":0,"owned_private_repos":0,"disk_usage":3875,"collaborators":0,"two_factor_authentication":false,"plan":{"name":"free","space":976562499,"collaborators":0,"private_repos":10000}}
[info] 
[info] +  Success! Logged into GitHub as nandanpandey43 
[info] 
